<?xml version="1.0" encoding="UTF-8"?>
<!-- Generated by org.testng.reporters.JUnitReportReporter -->
<testsuite hostname="TI012586674557" failures="0" tests="8" name="com.gs.linkedlist.addition.AddTwoListsTest" time="0.018" errors="0" timestamp="2021-03-09T15:38:35 EST" skipped="0">
  <testcase classname="com.gs.linkedlist.addition.AddTwoListsTest" name="testScnerio4" time="0.001"/>
  <system-out/>
  <testcase classname="com.gs.linkedlist.addition.AddTwoListsTest" name="testScnerio4" time="0.001"/>
  <system-out/>
  <testcase classname="com.gs.linkedlist.addition.AddTwoListsTest" name="testScnerio3" time="0.001"/>
  <system-out/>
  <testcase classname="com.gs.linkedlist.addition.AddTwoListsTest" name="testScnerio3" time="0.001"/>
  <system-out/>
  <testcase classname="com.gs.linkedlist.addition.AddTwoListsTest" name="testScnerio1" time="0.002"/>
  <system-out/>
  <testcase classname="com.gs.linkedlist.addition.AddTwoListsTest" name="testScnerio2" time="0.002"/>
  <system-out/>
  <testcase classname="com.gs.linkedlist.addition.AddTwoListsTest" name="testScnerio1" time="0.009"/>
  <system-out/>
  <testcase classname="com.gs.linkedlist.addition.AddTwoListsTest" name="testScnerio2" time="0.001"/>
  <system-out/>
</testsuite> <!-- com.gs.linkedlist.addition.AddTwoListsTest -->
