<?xml version="1.0" encoding="UTF-8"?>
<!-- Generated by org.testng.reporters.JUnitReportReporter -->
<testsuite hostname="TI012586674557" failures="0" tests="4" name="com.gs.linkedlist.deletion.DeleteNodeTest" time="0.014" errors="0" timestamp="2021-03-09T17:19:58 EST" skipped="0">
  <testcase classname="com.gs.linkedlist.deletion.DeleteNodeTest" name="testCase2" time="0.001"/>
  <system-out/>
  <testcase classname="com.gs.linkedlist.deletion.DeleteNodeTest" name="testCase4" time="0.001"/>
  <system-out/>
  <testcase classname="com.gs.linkedlist.deletion.DeleteNodeTest" name="testCase1" time="0.011"/>
  <system-out/>
  <testcase classname="com.gs.linkedlist.deletion.DeleteNodeTest" name="testCase3" time="0.001"/>
  <system-out/>
</testsuite> <!-- com.gs.linkedlist.deletion.DeleteNodeTest -->
